

============================== 2022-06-13 07:01:48.934531 | a06ffe07-06bb-4fc9-8359-ae1f65099fd2 ==============================
07:01:48.934531 [info ] [MainThread]: Running with dbt=1.0.4
07:01:48.935689 [debug] [MainThread]: running dbt with arguments Namespace(record_timing_info=None, debug=None, log_format=None, write_json=None, use_colors=None, printer_width=None, warn_error=None, version_check=None, partial_parse=None, single_threaded=False, use_experimental_parser=None, static_parser=None, profiles_dir='C:\\Users\\DELL\\.dbt', send_anonymous_usage_stats=None, fail_fast=None, event_buffer_size=None, project_dir=None, profile=None, target=None, vars='{}', log_cache_events=False, project_name=None, skip_profile_setup=False, defer=None, state=None, cls=<class 'dbt.task.init.InitTask'>, which='init', rpc_method=None)
07:01:48.936719 [debug] [MainThread]: Tracking: tracking
07:01:48.985512 [debug] [MainThread]: Sending event: {'category': 'dbt', 'action': 'invocation', 'label': 'start', 'context': [<snowplow_tracker.self_describing_json.SelfDescribingJson object at 0x00000201F2529640>, <snowplow_tracker.self_describing_json.SelfDescribingJson object at 0x00000201F2529B80>, <snowplow_tracker.self_describing_json.SelfDescribingJson object at 0x00000201F25298E0>]}
07:01:48.986509 [info ] [MainThread]: Setting up your profile.
07:02:45.797098 [info ] [MainThread]: Profile training_dbt written to C:\Users\DELL\.dbt\profiles.yml using target's profile_template.yml and your supplied values. Run 'dbt debug' to validate the connection.
07:02:45.797098 [debug] [MainThread]: Sending event: {'category': 'dbt', 'action': 'invocation', 'label': 'end', 'context': [<snowplow_tracker.self_describing_json.SelfDescribingJson object at 0x00000201F1205F40>, <snowplow_tracker.self_describing_json.SelfDescribingJson object at 0x00000201EC8619D0>, <snowplow_tracker.self_describing_json.SelfDescribingJson object at 0x00000201EC861DC0>]}


============================== 2022-06-13 07:03:03.104944 | 9896fab4-87eb-4148-95ca-6de3acd7331d ==============================
07:03:03.104944 [info ] [MainThread]: Running with dbt=1.0.4
07:03:03.110609 [debug] [MainThread]: running dbt with arguments Namespace(record_timing_info=None, debug=None, log_format=None, write_json=None, use_colors=None, printer_width=None, warn_error=None, version_check=None, partial_parse=None, single_threaded=False, use_experimental_parser=None, static_parser=None, profiles_dir='C:\\Users\\DELL\\.dbt', send_anonymous_usage_stats=None, fail_fast=None, event_buffer_size=None, project_dir=None, profile=None, target=None, vars='{}', log_cache_events=False, config_dir=False, defer=None, state=None, cls=<class 'dbt.task.debug.DebugTask'>, which='debug', rpc_method=None)
07:03:03.110609 [debug] [MainThread]: Tracking: tracking
07:03:03.161349 [debug] [MainThread]: Sending event: {'category': 'dbt', 'action': 'invocation', 'label': 'start', 'context': [<snowplow_tracker.self_describing_json.SelfDescribingJson object at 0x0000024B3BCBE460>, <snowplow_tracker.self_describing_json.SelfDescribingJson object at 0x0000024B3BCBEE50>, <snowplow_tracker.self_describing_json.SelfDescribingJson object at 0x0000024B3BCBE700>]}
07:03:05.939865 [debug] [MainThread]: Executing "git --help"
07:03:05.992372 [debug] [MainThread]: STDOUT: "b"usage: git [--version] [--help] [-C <path>] [-c <name>=<value>]\n           [--exec-path[=<path>]] [--html-path] [--man-path] [--info-path]\n           [-p | --paginate | -P | --no-pager] [--no-replace-objects] [--bare]\n           [--git-dir=<path>] [--work-tree=<path>] [--namespace=<name>]\n           [--super-prefix=<path>] [--config-env=<name>=<envvar>]\n           <command> [<args>]\n\nThese are common Git commands used in various situations:\n\nstart a working area (see also: git help tutorial)\n   clone             Clone a repository into a new directory\n   init              Create an empty Git repository or reinitialize an existing one\n\nwork on the current change (see also: git help everyday)\n   add               Add file contents to the index\n   mv                Move or rename a file, a directory, or a symlink\n   restore           Restore working tree files\n   rm                Remove files from the working tree and from the index\n   sparse-checkout   Initialize and modify the sparse-checkout\n\nexamine the history and state (see also: git help revisions)\n   bisect            Use binary search to find the commit that introduced a bug\n   diff              Show changes between commits, commit and working tree, etc\n   grep              Print lines matching a pattern\n   log               Show commit logs\n   show              Show various types of objects\n   status            Show the working tree status\n\ngrow, mark and tweak your common history\n   branch            List, create, or delete branches\n   commit            Record changes to the repository\n   merge             Join two or more development histories together\n   rebase            Reapply commits on top of another base tip\n   reset             Reset current HEAD to the specified state\n   switch            Switch branches\n   tag               Create, list, delete or verify a tag object signed with GPG\n\ncollaborate (see also: git help workflows)\n   fetch             Download objects and refs from another repository\n   pull              Fetch from and integrate with another repository or a local branch\n   push              Update remote refs along with associated objects\n\n'git help -a' and 'git help -g' list available subcommands and some\nconcept guides. See 'git help <command>' or 'git help <concept>'\nto read about a specific subcommand or concept.\nSee 'git help git' for an overview of the system.\n""
07:03:05.992372 [debug] [MainThread]: STDERR: "b''"
07:03:06.003484 [debug] [MainThread]: Acquiring new snowflake connection "debug"
07:03:06.004520 [debug] [MainThread]: Using snowflake connection "debug"
07:03:06.004520 [debug] [MainThread]: On debug: select 1 as id
07:03:06.004520 [debug] [MainThread]: Opening a new connection, currently in state init
07:03:09.037152 [debug] [MainThread]: SQL status: SUCCESS 1 in 3.03 seconds
07:03:09.038154 [debug] [MainThread]: On debug: Close
07:03:09.611103 [debug] [MainThread]: Sending event: {'category': 'dbt', 'action': 'invocation', 'label': 'end', 'context': [<snowplow_tracker.self_describing_json.SelfDescribingJson object at 0x0000024B451D2FA0>, <snowplow_tracker.self_describing_json.SelfDescribingJson object at 0x0000024B43F47970>, <snowplow_tracker.self_describing_json.SelfDescribingJson object at 0x0000024B43F47730>]}
07:03:10.696199 [debug] [MainThread]: Connection 'debug' was properly closed.
